# JRE version: OpenJDK Runtime Environment (7.0_95) (build 1.7.0_95-b00)
# Java VM: OpenJDK 64-Bit Server VM (24.95-b01 mixed mode linux-amd64 compressed oops)
Heap
 PSYoungGen      total 92160K, used 39958K [0x00000007d7080000, 0x00000007de880000, 0x0000000800000000)
  eden space 75776K, 31% used [0x00000007d7080000,0x00000007d879f260,0x00000007dba80000)
  from space 16384K, 99% used [0x00000007dbc00000,0x00000007dcbe6920,0x00000007dcc00000)
  to   space 23552K, 0% used [0x00000007dd180000,0x00000007dd180000,0x00000007de880000)
 ParOldGen       total 248320K, used 159797K [0x0000000785200000, 0x0000000794480000, 0x00000007d7080000)
  object space 248320K, 64% used [0x0000000785200000,0x000000078ee0d458,0x0000000794480000)
 PSPermGen       total 50688K, used 50171K [0x000000077ac00000, 0x000000077dd80000, 0x0000000785200000)
  object space 50688K, 98% used [0x000000077ac00000,0x000000077dcfeec8,0x000000077dd80000)
GC Heap History (10 events):
Event: 21682.945 GC heap before
{Heap before GC invocations=1614 (full 33):
 PSYoungGen      total 107520K, used 107078K [0x00000007d7080000, 0x00000007df700000, 0x0000000800000000)
  eden space 83456K, 100% used [0x00000007d7080000,0x00000007dc200000,0x00000007dc200000)
  from space 24064K, 98% used [0x00000007ddc00000,0x00000007df311ad8,0x00000007df380000)
  to   space 26624K, 0% used [0x00000007dc200000,0x00000007dc200000,0x00000007ddc00000)
 ParOldGen       total 248320K, used 149824K [0x0000000785200000, 0x0000000794480000, 0x00000007d7080000)
  object space 248320K, 60% used [0x0000000785200000,0x000000078e450098,0x0000000794480000)
 PSPermGen       total 50688K, used 50138K [0x000000077ac00000, 0x000000077dd80000, 0x0000000785200000)
  object space 50688K, 98% used [0x000000077ac00000,0x000000077dcf6b38,0x000000077dd80000)
Event: 21682.962 GC heap after
Heap after GC invocations=1614 (full 33):
 PSYoungGen      total 97792K, used 15682K [0x00000007d7080000, 0x00000007df280000, 0x0000000800000000)
  eden space 81920K, 0% used [0x00000007d7080000,0x00000007d7080000,0x00000007dc080000)
  from space 15872K, 98% used [0x00000007dc200000,0x00000007dd1509f0,0x00000007dd180000)
  to   space 25600K, 0% used [0x00000007dd980000,0x00000007dd980000,0x00000007df280000)
 ParOldGen       total 248320K, used 152784K [0x0000000785200000, 0x0000000794480000, 0x00000007d7080000)
  object space 248320K, 61% used [0x0000000785200000,0x000000078e734018,0x0000000794480000)
 PSPermGen       total 50688K, used 50138K [0x000000077ac00000, 0x000000077dd80000, 0x0000000785200000)
  object space 50688K, 98% used [0x000000077ac00000,0x000000077dcf6b38,0x000000077dd80000)
}
Event: 21685.884 GC heap before
{Heap before GC invocations=1615 (full 33):
 PSYoungGen      total 97792K, used 97602K [0x00000007d7080000, 0x00000007df280000, 0x0000000800000000)
  eden space 81920K, 100% used [0x00000007d7080000,0x00000007dc080000,0x00000007dc080000)
  from space 15872K, 98% used [0x00000007dc200000,0x00000007dd1509f0,0x00000007dd180000)
  to   space 25600K, 0% used [0x00000007dd980000,0x00000007dd980000,0x00000007df280000)
 ParOldGen       total 248320K, used 152784K [0x0000000785200000, 0x0000000794480000, 0x00000007d7080000)
  object space 248320K, 61% used [0x0000000785200000,0x000000078e734018,0x0000000794480000)
 PSPermGen       total 50688K, used 50138K [0x000000077ac00000, 0x000000077dd80000, 0x0000000785200000)
  object space 50688K, 98% used [0x000000077ac00000,0x000000077dcf6b38,0x000000077dd80000)
Event: 21685.901 GC heap after
Heap after GC invocations=1615 (full 33):
 PSYoungGen      total 104448K, used 17408K [0x00000007d7080000, 0x00000007df100000, 0x0000000800000000)
  eden space 80384K, 0% used [0x00000007d7080000,0x00000007d7080000,0x00000007dbf00000)
  from space 24064K, 72% used [0x00000007dd980000,0x00000007dea80260,0x00000007df100000)
  to   space 25600K, 0% used [0x00000007dbf00000,0x00000007dbf00000,0x00000007dd800000)
 ParOldGen       total 248320K, used 152784K [0x0000000785200000, 0x0000000794480000, 0x00000007d7080000)
  object space 248320K, 61% used [0x0000000785200000,0x000000078e734018,0x0000000794480000)
 PSPermGen       total 50688K, used 50138K [0x000000077ac00000, 0x000000077dd80000, 0x0000000785200000)
  object space 50688K, 98% used [0x000000077ac00000,0x000000077dcf6b38,0x000000077dd80000)
}
Event: 21692.813 GC heap before
{Heap before GC invocations=1616 (full 33):
 PSYoungGen      total 104448K, used 97792K [0x00000007d7080000, 0x00000007df100000, 0x0000000800000000)
  eden space 80384K, 100% used [0x00000007d7080000,0x00000007dbf00000,0x00000007dbf00000)
  from space 24064K, 72% used [0x00000007dd980000,0x00000007dea80260,0x00000007df100000)
  to   space 25600K, 0% used [0x00000007dbf00000,0x00000007dbf00000,0x00000007dd800000)
 ParOldGen       total 248320K, used 152784K [0x0000000785200000, 0x0000000794480000, 0x00000007d7080000)
  object space 248320K, 61% used [0x0000000785200000,0x000000078e734018,0x0000000794480000)
 PSPermGen       total 50688K, used 50138K [0x000000077ac00000, 0x000000077dd80000, 0x0000000785200000)
  object space 50688K, 98% used [0x000000077ac00000,0x000000077dcf6b38,0x000000077dd80000)
Event: 21692.829 GC heap after
Heap after GC invocations=1616 (full 33):
 PSYoungGen      total 95232K, used 16104K [0x00000007d7080000, 0x00000007ded80000, 0x0000000800000000)
  eden space 78848K, 0% used [0x00000007d7080000,0x00000007d7080000,0x00000007dbd80000)
  from space 16384K, 98% used [0x00000007dbf00000,0x00000007dceba1f8,0x00000007dcf00000)
  to   space 24576K, 0% used [0x00000007dd580000,0x00000007dd580000,0x00000007ded80000)
 ParOldGen       total 248320K, used 156129K [0x0000000785200000, 0x0000000794480000, 0x00000007d7080000)
  object space 248320K, 62% used [0x0000000785200000,0x000000078ea78698,0x0000000794480000)
 PSPermGen       total 50688K, used 50138K [0x000000077ac00000, 0x000000077dd80000, 0x0000000785200000)
  object space 50688K, 98% used [0x000000077ac00000,0x000000077dcf6b38,0x000000077dd80000)
}
Event: 21694.369 GC heap before
{Heap before GC invocations=1617 (full 33):
 PSYoungGen      total 95232K, used 94952K [0x00000007d7080000, 0x00000007ded80000, 0x0000000800000000)
  eden space 78848K, 100% used [0x00000007d7080000,0x00000007dbd80000,0x00000007dbd80000)
  from space 16384K, 98% used [0x00000007dbf00000,0x00000007dceba1f8,0x00000007dcf00000)
  to   space 24576K, 0% used [0x00000007dd580000,0x00000007dd580000,0x00000007ded80000)
 ParOldGen       total 248320K, used 156129K [0x0000000785200000, 0x0000000794480000, 0x00000007d7080000)
  object space 248320K, 62% used [0x0000000785200000,0x000000078ea78698,0x0000000794480000)
 PSPermGen       total 50688K, used 50138K [0x000000077ac00000, 0x000000077dd80000, 0x0000000785200000)
  object space 50688K, 98% used [0x000000077ac00000,0x000000077dcf6b38,0x000000077dd80000)
Event: 21694.385 GC heap after
Heap after GC invocations=1617 (full 33):
 PSYoungGen      total 99328K, used 13159K [0x00000007d7080000, 0x00000007deb00000, 0x0000000800000000)
  eden space 77312K, 0% used [0x00000007d7080000,0x00000007d7080000,0x00000007dbc00000)
  from space 22016K, 59% used [0x00000007dd580000,0x00000007de259e28,0x00000007deb00000)
  to   space 24064K, 0% used [0x00000007dbc00000,0x00000007dbc00000,0x00000007dd380000)
 ParOldGen       total 248320K, used 156129K [0x0000000785200000, 0x0000000794480000, 0x00000007d7080000)
  object space 248320K, 62% used [0x0000000785200000,0x000000078ea78698,0x0000000794480000)
 PSPermGen       total 50688K, used 50138K [0x000000077ac00000, 0x000000077dd80000, 0x0000000785200000)
  object space 50688K, 98% used [0x000000077ac00000,0x000000077dcf6b38,0x000000077dd80000)
}
Event: 28966.808 GC heap before
{Heap before GC invocations=1618 (full 33):
 PSYoungGen      total 99328K, used 90471K [0x00000007d7080000, 0x00000007deb00000, 0x0000000800000000)
  eden space 77312K, 100% used [0x00000007d7080000,0x00000007dbc00000,0x00000007dbc00000)
  from space 22016K, 59% used [0x00000007dd580000,0x00000007de259e28,0x00000007deb00000)
  to   space 24064K, 0% used [0x00000007dbc00000,0x00000007dbc00000,0x00000007dd380000)
 ParOldGen       total 248320K, used 156129K [0x0000000785200000, 0x0000000794480000, 0x00000007d7080000)
  object space 248320K, 62% used [0x0000000785200000,0x000000078ea78698,0x0000000794480000)
 PSPermGen       total 50688K, used 50140K [0x000000077ac00000, 0x000000077dd80000, 0x0000000785200000)
  object space 50688K, 98% used [0x000000077ac00000,0x000000077dcf7238,0x000000077dd80000)
Event: 28966.849 GC heap after
Heap after GC invocations=1618 (full 33):
 PSYoungGen      total 92160K, used 16282K [0x00000007d7080000, 0x00000007de880000, 0x0000000800000000)
  eden space 75776K, 0% used [0x00000007d7080000,0x00000007d7080000,0x00000007dba80000)
  from space 16384K, 99% used [0x00000007dbc00000,0x00000007dcbe6920,0x00000007dcc00000)
  to   space 23552K, 0% used [0x00000007dd180000,0x00000007dd180000,0x00000007de880000)
 ParOldGen       total 248320K, used 159797K [0x0000000785200000, 0x0000000794480000, 0x00000007d7080000)
  object space 248320K, 64% used [0x0000000785200000,0x000000078ee0d458,0x0000000794480000)
 PSPermGen       total 50688K, used 50140K [0x000000077ac00000, 0x000000077dd80000, 0x0000000785200000)
  object space 50688K, 98% used [0x000000077ac00000,0x000000077dcf7238,0x000000077dd80000)
}

