# JRE version: OpenJDK Runtime Environment (7.0_111-b01) (build 1.7.0_111-b01)
# Java VM: OpenJDK 64-Bit Server VM (24.111-b01 mixed mode linux-amd64 compressed oops)
Heap
 PSYoungGen      total 181248K, used 136601K [0x00000007d7080000, 0x00000007e6000000, 0x0000000800000000)
  eden space 134144K, 66% used [0x00000007d7080000,0x00000007dc7ec528,0x00000007df380000)
  from space 47104K, 99% used [0x00000007e2700000,0x00000007e54fa118,0x00000007e5500000)
  to   space 52736K, 0% used [0x00000007df380000,0x00000007df380000,0x00000007e2700000)
 ParOldGen       total 605696K, used 590157K [0x0000000785200000, 0x00000007aa180000, 0x00000007d7080000)
  object space 605696K, 97% used [0x0000000785200000,0x00000007a92535c8,0x00000007aa180000)
 PSPermGen       total 48128K, used 47899K [0x000000077ac00000, 0x000000077db00000, 0x0000000785200000)
  object space 48128K, 99% used [0x000000077ac00000,0x000000077dac6ed8,0x000000077db00000)
GC Heap History (10 events):
Event: 20929.818 GC heap before
{Heap before GC invocations=1416 (full 40):
 PSYoungGen      total 154624K, used 154610K [0x00000007d7080000, 0x00000007e4200000, 0x0000000800000000)
  eden space 114688K, 100% used [0x00000007d7080000,0x00000007de080000,0x00000007de080000)
  from space 39936K, 99% used [0x00000007de080000,0x00000007e077cb48,0x00000007e0780000)
  to   space 45568K, 0% used [0x00000007e1580000,0x00000007e1580000,0x00000007e4200000)
 ParOldGen       total 605696K, used 570696K [0x0000000785200000, 0x00000007aa180000, 0x00000007d7080000)
  object space 605696K, 94% used [0x0000000785200000,0x00000007a7f521e8,0x00000007aa180000)
 PSPermGen       total 48128K, used 47872K [0x000000077ac00000, 0x000000077db00000, 0x0000000785200000)
  object space 48128K, 99% used [0x000000077ac00000,0x000000077dac01d8,0x000000077db00000)
Event: 20929.855 GC heap after
Heap after GC invocations=1416 (full 40):
 PSYoungGen      total 168960K, used 30990K [0x00000007d7080000, 0x00000007e4200000, 0x0000000800000000)
  eden space 123392K, 0% used [0x00000007d7080000,0x00000007d7080000,0x00000007de900000)
  from space 45568K, 68% used [0x00000007e1580000,0x00000007e33c3a68,0x00000007e4200000)
  to   space 45568K, 0% used [0x00000007de900000,0x00000007de900000,0x00000007e1580000)
 ParOldGen       total 605696K, used 588366K [0x0000000785200000, 0x00000007aa180000, 0x00000007d7080000)
  object space 605696K, 97% used [0x0000000785200000,0x00000007a9093b08,0x00000007aa180000)
 PSPermGen       total 48128K, used 47872K [0x000000077ac00000, 0x000000077db00000, 0x0000000785200000)
  object space 48128K, 99% used [0x000000077ac00000,0x000000077dac01d8,0x000000077db00000)
}
Event: 20935.312 GC heap before
{Heap before GC invocations=1417 (full 40):
 PSYoungGen      total 168960K, used 154382K [0x00000007d7080000, 0x00000007e4200000, 0x0000000800000000)
  eden space 123392K, 100% used [0x00000007d7080000,0x00000007de900000,0x00000007de900000)
  from space 45568K, 68% used [0x00000007e1580000,0x00000007e33c3a68,0x00000007e4200000)
  to   space 45568K, 0% used [0x00000007de900000,0x00000007de900000,0x00000007e1580000)
 ParOldGen       total 605696K, used 588366K [0x0000000785200000, 0x00000007aa180000, 0x00000007d7080000)
  object space 605696K, 97% used [0x0000000785200000,0x00000007a9093b08,0x00000007aa180000)
 PSPermGen       total 48128K, used 47873K [0x000000077ac00000, 0x000000077db00000, 0x0000000785200000)
  object space 48128K, 99% used [0x000000077ac00000,0x000000077dac0448,0x000000077db00000)
Event: 20935.329 GC heap after
Heap after GC invocations=1417 (full 40):
 PSYoungGen      total 168960K, used 32362K [0x00000007d7080000, 0x00000007e4b80000, 0x0000000800000000)
  eden space 123392K, 0% used [0x00000007d7080000,0x00000007d7080000,0x00000007de900000)
  from space 45568K, 71% used [0x00000007de900000,0x00000007e089a948,0x00000007e1580000)
  to   space 46080K, 0% used [0x00000007e1e80000,0x00000007e1e80000,0x00000007e4b80000)
 ParOldGen       total 605696K, used 588366K [0x0000000785200000, 0x00000007aa180000, 0x00000007d7080000)
  object space 605696K, 97% used [0x0000000785200000,0x00000007a9093b08,0x00000007aa180000)
 PSPermGen       total 48128K, used 47873K [0x000000077ac00000, 0x000000077db00000, 0x0000000785200000)
  object space 48128K, 99% used [0x000000077ac00000,0x000000077dac0448,0x000000077db00000)
}
Event: 20940.848 GC heap before
{Heap before GC invocations=1418 (full 40):
 PSYoungGen      total 168960K, used 155754K [0x00000007d7080000, 0x00000007e4b80000, 0x0000000800000000)
  eden space 123392K, 100% used [0x00000007d7080000,0x00000007de900000,0x00000007de900000)
  from space 45568K, 71% used [0x00000007de900000,0x00000007e089a948,0x00000007e1580000)
  to   space 46080K, 0% used [0x00000007e1e80000,0x00000007e1e80000,0x00000007e4b80000)
 ParOldGen       total 605696K, used 588366K [0x0000000785200000, 0x00000007aa180000, 0x00000007d7080000)
  object space 605696K, 97% used [0x0000000785200000,0x00000007a9093b08,0x00000007aa180000)
 PSPermGen       total 48128K, used 47873K [0x000000077ac00000, 0x000000077db00000, 0x0000000785200000)
  object space 48128K, 99% used [0x000000077ac00000,0x000000077dac0640,0x000000077db00000)
Event: 20940.873 GC heap after
Heap after GC invocations=1418 (full 40):
 PSYoungGen      total 177664K, used 32722K [0x00000007d7080000, 0x00000007e4c00000, 0x0000000800000000)
  eden space 131584K, 0% used [0x00000007d7080000,0x00000007d7080000,0x00000007df100000)
  from space 46080K, 71% used [0x00000007e1e80000,0x00000007e3e74a98,0x00000007e4b80000)
  to   space 46592K, 0% used [0x00000007df100000,0x00000007df100000,0x00000007e1e80000)
 ParOldGen       total 605696K, used 588366K [0x0000000785200000, 0x00000007aa180000, 0x00000007d7080000)
  object space 605696K, 97% used [0x0000000785200000,0x00000007a9093b08,0x00000007aa180000)
 PSPermGen       total 48128K, used 47873K [0x000000077ac00000, 0x000000077db00000, 0x0000000785200000)
  object space 48128K, 99% used [0x000000077ac00000,0x000000077dac0640,0x000000077db00000)
}
Event: 20947.140 GC heap before
{Heap before GC invocations=1419 (full 40):
 PSYoungGen      total 177664K, used 164306K [0x00000007d7080000, 0x00000007e4c00000, 0x0000000800000000)
  eden space 131584K, 100% used [0x00000007d7080000,0x00000007df100000,0x00000007df100000)
  from space 46080K, 71% used [0x00000007e1e80000,0x00000007e3e74a98,0x00000007e4b80000)
  to   space 46592K, 0% used [0x00000007df100000,0x00000007df100000,0x00000007e1e80000)
 ParOldGen       total 605696K, used 588366K [0x0000000785200000, 0x00000007aa180000, 0x00000007d7080000)
  object space 605696K, 97% used [0x0000000785200000,0x00000007a9093b08,0x00000007aa180000)
 PSPermGen       total 48128K, used 47877K [0x000000077ac00000, 0x000000077db00000, 0x0000000785200000)
  object space 48128K, 99% used [0x000000077ac00000,0x000000077dac1758,0x000000077db00000)
Event: 20947.166 GC heap after
Heap after GC invocations=1419 (full 40):
 PSYoungGen      total 178176K, used 33385K [0x00000007d7080000, 0x00000007e5500000, 0x0000000800000000)
  eden space 131584K, 0% used [0x00000007d7080000,0x00000007d7080000,0x00000007df100000)
  from space 46592K, 71% used [0x00000007df100000,0x00000007e119a590,0x00000007e1e80000)
  to   space 47104K, 0% used [0x00000007e2700000,0x00000007e2700000,0x00000007e5500000)
 ParOldGen       total 605696K, used 588366K [0x0000000785200000, 0x00000007aa180000, 0x00000007d7080000)
  object space 605696K, 97% used [0x0000000785200000,0x00000007a9093b08,0x00000007aa180000)
 PSPermGen       total 48128K, used 47877K [0x000000077ac00000, 0x000000077db00000, 0x0000000785200000)
  object space 48128K, 99% used [0x000000077ac00000,0x000000077dac1758,0x000000077db00000)
}
Event: 20953.651 GC heap before
{Heap before GC invocations=1420 (full 40):
 PSYoungGen      total 178176K, used 164969K [0x00000007d7080000, 0x00000007e5500000, 0x0000000800000000)
  eden space 131584K, 100% used [0x00000007d7080000,0x00000007df100000,0x00000007df100000)
  from space 46592K, 71% used [0x00000007df100000,0x00000007e119a590,0x00000007e1e80000)
  to   space 47104K, 0% used [0x00000007e2700000,0x00000007e2700000,0x00000007e5500000)
 ParOldGen       total 605696K, used 588366K [0x0000000785200000, 0x00000007aa180000, 0x00000007d7080000)
  object space 605696K, 97% used [0x0000000785200000,0x00000007a9093b08,0x00000007aa180000)
 PSPermGen       total 48128K, used 47882K [0x000000077ac00000, 0x000000077db00000, 0x0000000785200000)
  object space 48128K, 99% used [0x000000077ac00000,0x000000077dac2978,0x000000077db00000)
Event: 20953.686 GC heap after
Heap after GC invocations=1420 (full 40):
 PSYoungGen      total 181248K, used 47080K [0x00000007d7080000, 0x00000007e6000000, 0x0000000800000000)
  eden space 134144K, 0% used [0x00000007d7080000,0x00000007d7080000,0x00000007df380000)
  from space 47104K, 99% used [0x00000007e2700000,0x00000007e54fa118,0x00000007e5500000)
  to   space 52736K, 0% used [0x00000007df380000,0x00000007df380000,0x00000007e2700000)
 ParOldGen       total 605696K, used 590157K [0x0000000785200000, 0x00000007aa180000, 0x00000007d7080000)
  object space 605696K, 97% used [0x0000000785200000,0x00000007a92535c8,0x00000007aa180000)
 PSPermGen       total 48128K, used 47882K [0x000000077ac00000, 0x000000077db00000, 0x0000000785200000)
  object space 48128K, 99% used [0x000000077ac00000,0x000000077dac2978,0x000000077db00000)
}

